time="2022-08-26T20:37:36+03:00" level=info msg="Create new client " func="modules/internal/app.Run()" file="app.go:28"
time="2022-08-26T20:40:39+03:00" level=info msg="Create new client " func="modules/internal/app.Run()" file="app.go:28"
time="2022-08-26T20:42:12+03:00" level=info msg="Create new client " func="modules/internal/app.Run()" file="app.go:28"
time="2022-08-27T15:38:05+03:00" level=info msg="Create new client " func="modules/internal/app.Run()" file="app.go:28"
time="2022-08-27T19:20:54+03:00" level=info msg="Create new client" func="modules/internal/app.Run()" file="app.go:28"
time="2022-08-27T19:20:54+03:00" level=info msg="Added brokers" func="modules/internal/app.Run()" file="app.go:31"
time="2022-08-27T19:21:03+03:00" level=info msg="Create new producer" func="modules/internal/app.Run()" file="app.go:37"
time="2022-08-27T19:21:03+03:00" level=info msg="Create new handlers" func="modules/internal/app.Run()" file="app.go:41"
time="2022-08-27T19:21:03+03:00" level=info msg="Started grpc" func="modules/internal/app.runGrpcServer()" file="app.go:48"
time="2022-08-27T19:21:03+03:00" level=info msg="Started Rest" func="modules/internal/app.runRest()" file="app.go:67"
time="2022-08-27T19:21:03+03:00" level=info msg="Registered players info gate away from endpoint" func="modules/internal/app.runRest()" file="app.go:75"
time="2022-08-27T19:21:03+03:00" level=info msg="Registered listener" func="modules/internal/app.runGrpcServer()" file="app.go:53"
time="2022-08-27T19:21:03+03:00" level=info msg="Registered PlayersInfo Gate Away server" func="modules/internal/app.runGrpcServer()" file="app.go:57"
time="2022-08-27T19:21:57+03:00" level=info msg="Create List request from players info service" func="modules/internal/handlers.(*Handlers).GetAll()" file="handlers.go:32"
time="2022-08-27T19:21:57+03:00" level=info msg="Get List response" func="modules/internal/handlers.(*Handlers).GetAll()" file="handlers.go:35"
time="2022-08-27T19:21:57+03:00" level=info msg="Overwriting data in GetAll response" func="modules/internal/handlers.(*Handlers).GetAll()" file="handlers.go:49"
time="2022-08-27T21:09:28+03:00" level=info msg="Create new client" func="modules/internal/app.Run()" file="app.go:52"
time="2022-08-27T21:09:28+03:00" level=info msg="Added brokers" func="modules/internal/app.Run()" file="app.go:55"
time="2022-08-27T21:09:36+03:00" level=info msg="Create new producer" func="modules/internal/app.Run()" file="app.go:61"
time="2022-08-27T21:09:36+03:00" level=info msg="Create new handlers" func="modules/internal/app.Run()" file="app.go:65"
time="2022-08-27T21:09:36+03:00" level=info msg="Started grpc" func="modules/internal/app.runGrpcServer()" file="app.go:72"
time="2022-08-27T21:09:36+03:00" level=info msg="Started Rest" func="modules/internal/app.runRest()" file="app.go:91"
time="2022-08-27T21:09:36+03:00" level=info msg="Registered players info gate away from endpoint" func="modules/internal/app.runRest()" file="app.go:99"
time="2022-08-27T21:09:36+03:00" level=info msg="Registered listener" func="modules/internal/app.runGrpcServer()" file="app.go:77"
time="2022-08-27T21:09:36+03:00" level=info msg="Registered PlayersInfo Gate Away server" func="modules/internal/app.runGrpcServer()" file="app.go:81"
time="2022-08-27T21:12:37+03:00" level=info msg="Create new client" func="modules/internal/app.Run()" file="app.go:58"
time="2022-08-27T21:12:37+03:00" level=info msg="Added brokers" func="modules/internal/app.Run()" file="app.go:61"
time="2022-08-27T21:12:46+03:00" level=info msg="Create new producer" func="modules/internal/app.Run()" file="app.go:67"
time="2022-08-27T21:12:46+03:00" level=info msg="Create new handlers" func="modules/internal/app.Run()" file="app.go:71"
time="2022-08-27T21:12:46+03:00" level=info msg="Started grpc" func="modules/internal/app.runGrpcServer()" file="app.go:78"
time="2022-08-27T21:12:46+03:00" level=info msg="Started Rest" func="modules/internal/app.runRest()" file="app.go:97"
time="2022-08-27T21:12:46+03:00" level=info msg="Registered listener" func="modules/internal/app.runGrpcServer()" file="app.go:83"
time="2022-08-27T21:12:46+03:00" level=info msg="Registered players info gate away from endpoint" func="modules/internal/app.runRest()" file="app.go:105"
time="2022-08-27T21:12:46+03:00" level=info msg="Registered PlayersInfo Gate Away server" func="modules/internal/app.runGrpcServer()" file="app.go:87"
time="2022-08-27T21:13:43+03:00" level=info msg="Create List request from players info service" func="modules/internal/handlers.(*Handlers).GetAll()" file="handlers.go:32"
time="2022-08-27T21:13:43+03:00" level=info msg="Get List response" func="modules/internal/handlers.(*Handlers).GetAll()" file="handlers.go:35"
time="2022-08-27T21:13:43+03:00" level=info msg="Overwriting data in GetAll response" func="modules/internal/handlers.(*Handlers).GetAll()" file="handlers.go:49"
